生成启动时间为 2015/11/1 14:26:49。
     1>项目“C:\Users\leno\Desktop\C语言临时运行处\Test10_25\CommentConvert\CommentConvert.vcxproj”在节点 2 上(build 个目标)。
     1>InitializeBuildStatus:
         正在创建“.\Debug\CommentConvert.unsuccessfulbuild”，因为已指定“AlwaysCreate”。
       ClCompile:
         E:\VS\VC\bin\CL.exe /c /ZI /nologo /W3 /WX- /Od /Oy- /D WIN32 /D _DEBUG /D _CONSOLE /D _VC80_UPGRADE=0x0600 /D _MBCS /Gm /EHsc /RTC1 /MTd /GS /Gy- /fp:precise /Zc:wchar_t /Zc:forScope /Fo".\Debug\\" /Fd".\Debug\vc100.pdb" /Gd /TP /analyze- /errorReport:prompt Convert.cpp
         Convert.cpp
     1>c:\users\leno\desktop\c语言临时运行处\test10_25\commentconvert\convert.cpp(20): warning C4996: 'scanf': This function or variable may be unsafe. Consider using scanf_s instead. To disable deprecation, use _CRT_SECURE_NO_WARNINGS. See online help for details.
                 e:\vs\vc\include\stdio.h(304) : 参见“scanf”的声明
     1>c:\users\leno\desktop\c语言临时运行处\test10_25\commentconvert\convert.cpp(22): warning C4996: 'scanf': This function or variable may be unsafe. Consider using scanf_s instead. To disable deprecation, use _CRT_SECURE_NO_WARNINGS. See online help for details.
                 e:\vs\vc\include\stdio.h(304) : 参见“scanf”的声明
     1>c:\users\leno\desktop\c语言临时运行处\test10_25\commentconvert\convert.cpp(26): warning C4996: 'fopen': This function or variable may be unsafe. Consider using fopen_s instead. To disable deprecation, use _CRT_SECURE_NO_WARNINGS. See online help for details.
                 e:\vs\vc\include\stdio.h(234) : 参见“fopen”的声明
     1>c:\users\leno\desktop\c语言临时运行处\test10_25\commentconvert\convert.cpp(32): warning C4996: 'fopen': This function or variable may be unsafe. Consider using fopen_s instead. To disable deprecation, use _CRT_SECURE_NO_WARNINGS. See online help for details.
                 e:\vs\vc\include\stdio.h(234) : 参见“fopen”的声明
     1>c:\users\leno\desktop\c语言临时运行处\test10_25\commentconvert\convert.cpp(41): warning C4996: 'scanf': This function or variable may be unsafe. Consider using scanf_s instead. To disable deprecation, use _CRT_SECURE_NO_WARNINGS. See online help for details.
                 e:\vs\vc\include\stdio.h(304) : 参见“scanf”的声明
       ManifestResourceCompile:
         所有输出均为最新。
       Link:
         E:\VS\VC\bin\link.exe /ERRORREPORT:PROMPT /OUT:".\Debug\CommentConvert.exe" /INCREMENTAL /NOLOGO odbc32.lib odbccp32.lib kernel32.lib user32.lib gdi32.lib winspool.lib comdlg32.lib advapi32.lib shell32.lib ole32.lib oleaut32.lib uuid.lib odbc32.lib odbccp32.lib /MANIFEST /ManifestFile:".\Debug\CommentConvert.exe.intermediate.manifest" /MANIFESTUAC:"level='asInvoker' uiAccess='false'" /DEBUG /PDB:"C:\Users\leno\Desktop\C语言临时运行处\Test10_25\CommentConvert\Debug\CommentConvert.pdb" /SUBSYSTEM:CONSOLE /TLBID:1 /DYNAMICBASE /NXCOMPAT /IMPLIB:".\Debug\CommentConvert.lib" /MACHINE:X86 .\Debug\CommentConvert.exe.embed.manifest.res
         .\Debug\CommentConvert.obj
         .\Debug\Convert.obj
       Manifest:
         C:\Program Files (x86)\Microsoft SDKs\Windows\v7.0A\bin\mt.exe /nologo /verbose /out:".\Debug\CommentConvert.exe.embed.manifest" /manifest .\Debug\CommentConvert.exe.intermediate.manifest
         所有输出均为最新。
       LinkEmbedManifest:
         所有输出均为最新。
         CommentConvert.vcxproj -> C:\Users\leno\Desktop\C语言临时运行处\Test10_25\CommentConvert\.\Debug\CommentConvert.exe
       FinalizeBuildStatus:
         正在删除文件“.\Debug\CommentConvert.unsuccessfulbuild”。
         正在对“.\Debug\CommentConvert.lastbuildstate”执行 Touch 任务。
     1>已完成生成项目“C:\Users\leno\Desktop\C语言临时运行处\Test10_25\CommentConvert\CommentConvert.vcxproj”(build 个目标)的操作。

生成成功。

已用时间 00:00:01.17
