生成启动时间为 2016/4/18 19:47:20。
     1>项目“G:\我的坚果云\项目文件\FileCompressUnCompress\FileCompressUnCompress\FileCompressUnCompress.vcxproj”在节点 2 上(Build 个目标)。
     1>ClCompile:
         E:\工具\VS2015\VC\bin\CL.exe /c /Zi /nologo /W3 /WX- /O2 /Oi /Oy- /GL /D WIN32 /D NDEBUG /D _CONSOLE /D _UNICODE /D UNICODE /Gm- /EHsc /MD /GS /Gy /fp:precise /Zc:wchar_t /Zc:forScope /Zc:inline /Fo"Release\\" /Fd"Release\vc140.pdb" /Gd /TP /analyze- /errorReport:prompt "源.cpp"
         源.cpp
     1>g:\我的坚果云\项目文件\filecompressuncompress\filecompressuncompress\FileCompress.h(63): warning C4996: 'fopen': This function or variable may be unsafe. Consider using fopen_s instead. To disable deprecation, use _CRT_SECURE_NO_WARNINGS. See online help for details.
         C:\Program Files (x86)\Windows Kits\10\Include\10.0.10150.0\ucrt\stdio.h(205): note: 参见“fopen”的声明
     1>g:\我的坚果云\项目文件\filecompressuncompress\filecompressuncompress\FileCompress.h(87): warning C4996: 'fopen': This function or variable may be unsafe. Consider using fopen_s instead. To disable deprecation, use _CRT_SECURE_NO_WARNINGS. See online help for details.
         C:\Program Files (x86)\Windows Kits\10\Include\10.0.10150.0\ucrt\stdio.h(205): note: 参见“fopen”的声明
     1>g:\我的坚果云\项目文件\filecompressuncompress\filecompressuncompress\FileCompress.h(129): warning C4996: 'fopen': This function or variable may be unsafe. Consider using fopen_s instead. To disable deprecation, use _CRT_SECURE_NO_WARNINGS. See online help for details.
         C:\Program Files (x86)\Windows Kits\10\Include\10.0.10150.0\ucrt\stdio.h(205): note: 参见“fopen”的声明
     1>g:\我的坚果云\项目文件\filecompressuncompress\filecompressuncompress\FileCompress.h(156): warning C4996: 'fopen': This function or variable may be unsafe. Consider using fopen_s instead. To disable deprecation, use _CRT_SECURE_NO_WARNINGS. See online help for details.
         C:\Program Files (x86)\Windows Kits\10\Include\10.0.10150.0\ucrt\stdio.h(205): note: 参见“fopen”的声明
     1>g:\我的坚果云\项目文件\filecompressuncompress\filecompressuncompress\FileCompress.h(177): warning C4996: 'fopen': This function or variable may be unsafe. Consider using fopen_s instead. To disable deprecation, use _CRT_SECURE_NO_WARNINGS. See online help for details.
         C:\Program Files (x86)\Windows Kits\10\Include\10.0.10150.0\ucrt\stdio.h(205): note: 参见“fopen”的声明
     1>g:\我的坚果云\项目文件\filecompressuncompress\filecompressuncompress\FileCompress.h(180): warning C4996: 'fopen': This function or variable may be unsafe. Consider using fopen_s instead. To disable deprecation, use _CRT_SECURE_NO_WARNINGS. See online help for details.
         C:\Program Files (x86)\Windows Kits\10\Include\10.0.10150.0\ucrt\stdio.h(205): note: 参见“fopen”的声明
     1>g:\我的坚果云\项目文件\filecompressuncompress\filecompressuncompress\Huffman.h(49): warning C4018: “<”: 有符号/无符号不匹配
         g:\我的坚果云\项目文件\filecompressuncompress\filecompressuncompress\Huffman.h(47): note: 编译类 模板 成员函数“void HuffmanTree<CharInfo>::CreateHuffmanTree(T *,size_t,T &)”时
                 with
                 [
                     T=CharInfo
                 ]
         g:\我的坚果云\项目文件\filecompressuncompress\filecompressuncompress\FileCompress.h(74): note: 参见对正在编译的函数 模板 实例化“void HuffmanTree<CharInfo>::CreateHuffmanTree(T *,size_t,T &)”的引用
                 with
                 [
                     T=CharInfo
                 ]
         g:\我的坚果云\项目文件\filecompressuncompress\filecompressuncompress\FileCompress.h(72): note: 参见对正在编译的类 模板 实例化“HuffmanTree<CharInfo>”的引用
     1>g:\我的坚果云\项目文件\filecompressuncompress\filecompressuncompress\Huffman.h(83): warning C4018: “<”: 有符号/无符号不匹配
         g:\我的坚果云\项目文件\filecompressuncompress\filecompressuncompress\Huffman.h(81): note: 编译类 模板 成员函数“void HuffmanTree<CharInfo>::AdjustDown(std::vector<HuffmanNode<CharInfo> *,std::allocator<_Ty>> &,int,size_t)”时
                 with
                 [
                     _Ty=HuffmanNode<CharInfo> *
                 ]
         g:\我的坚果云\项目文件\filecompressuncompress\filecompressuncompress\Huffman.h(58): note: 参见对正在编译的函数 模板 实例化“void HuffmanTree<CharInfo>::AdjustDown(std::vector<HuffmanNode<CharInfo> *,std::allocator<_Ty>> &,int,size_t)”的引用
                 with
                 [
                     _Ty=HuffmanNode<CharInfo> *
                 ]
     1>g:\我的坚果云\项目文件\filecompressuncompress\filecompressuncompress\Huffman.h(85): warning C4018: “<”: 有符号/无符号不匹配
       Link:
         E:\工具\VS2015\VC\bin\link.exe /ERRORREPORT:PROMPT /OUT:"G:\我的坚果云\项目文件\FileCompressUnCompress\Release\FileCompressUnCompress.exe" /INCREMENTAL:NO /NOLOGO kernel32.lib user32.lib gdi32.lib winspool.lib comdlg32.lib advapi32.lib shell32.lib ole32.lib oleaut32.lib uuid.lib odbc32.lib odbccp32.lib /MANIFEST /MANIFESTUAC:"level='asInvoker' uiAccess='false'" /manifest:embed /Debug /PDB:"G:\我的坚果云\项目文件\FileCompressUnCompress\Release\FileCompressUnCompress.pdb" /SUBSYSTEM:CONSOLE /OPT:REF /OPT:ICF /LTCG:incremental /TLBID:1 /DYNAMICBASE /NXCOMPAT /IMPLIB:"G:\我的坚果云\项目文件\FileCompressUnCompress\Release\FileCompressUnCompress.lib" /MACHINE:X86 /SAFESEH "Release\源.obj"
         正在生成代码
         2 of 203 functions ( 1.0%) were compiled, the rest were copied from previous compilation.
           0 functions were new in current compilation
           2 functions had inline decision re-evaluated but remain unchanged
         已完成代码的生成
         FileCompressUnCompress.vcxproj -> G:\我的坚果云\项目文件\FileCompressUnCompress\Release\FileCompressUnCompress.exe
     1>已完成生成项目“G:\我的坚果云\项目文件\FileCompressUnCompress\FileCompressUnCompress\FileCompressUnCompress.vcxproj”(Build 个目标)的操作。

已成功生成。

已用时间 00:00:01.40
