生成启动时间为 2016/4/18 18:54:29。
     1>项目“G:\我的坚果云\项目文件\filecompressnew\filecompressnew\filecompressnew.vcxproj”在节点 2 上(Build 个目标)。
     1>ClCompile:
         E:\工具\VS2015\VC\bin\CL.exe /c /ZI /nologo /W3 /WX- /sdl /Od /Oy- /D WIN32 /D _DEBUG /D _CONSOLE /D _UNICODE /D UNICODE /Gm /EHsc /RTC1 /MDd /GS- /fp:precise /Zc:wchar_t /Zc:forScope /Zc:inline /Fo"Debug\\" /Fd"Debug\vc140.pdb" /Gd /TP /analyze- /errorReport:prompt "源.cpp"
     1>cl : 命令行 warning D9025: 正在重写“/sdl”(用“/GS-”)
         源.cpp
     1>g:\我的坚果云\项目文件\filecompressnew\filecompressnew\filecompress.h(132): warning C4244: “参数”: 从“LongType”转换到“int”，可能丢失数据
     1>g:\我的坚果云\项目文件\filecompressnew\filecompressnew\filecompress.h(58): warning C4996: 'fopen': This function or variable may be unsafe. Consider using fopen_s instead. To disable deprecation, use _CRT_SECURE_NO_WARNINGS. See online help for details.
         c:\program files (x86)\windows kits\10\include\10.0.10150.0\ucrt\stdio.h(205): note: 参见“fopen”的声明
     1>g:\我的坚果云\项目文件\filecompressnew\filecompressnew\filecompress.h(74): warning C4996: 'fopen': This function or variable may be unsafe. Consider using fopen_s instead. To disable deprecation, use _CRT_SECURE_NO_WARNINGS. See online help for details.
         c:\program files (x86)\windows kits\10\include\10.0.10150.0\ucrt\stdio.h(205): note: 参见“fopen”的声明
     1>g:\我的坚果云\项目文件\filecompressnew\filecompressnew\filecompress.h(111): warning C4996: 'fopen': This function or variable may be unsafe. Consider using fopen_s instead. To disable deprecation, use _CRT_SECURE_NO_WARNINGS. See online help for details.
         c:\program files (x86)\windows kits\10\include\10.0.10150.0\ucrt\stdio.h(205): note: 参见“fopen”的声明
     1>g:\我的坚果云\项目文件\filecompressnew\filecompressnew\filecompress.h(132): warning C4996: 'itoa': The POSIX name for this item is deprecated. Instead, use the ISO C and C++ conformant name: _itoa. See online help for details.
         c:\program files (x86)\windows kits\10\include\10.0.10150.0\ucrt\stdlib.h(1316): note: 参见“itoa”的声明
     1>g:\我的坚果云\项目文件\filecompressnew\filecompressnew\filecompress.h(151): warning C4996: 'fopen': This function or variable may be unsafe. Consider using fopen_s instead. To disable deprecation, use _CRT_SECURE_NO_WARNINGS. See online help for details.
         c:\program files (x86)\windows kits\10\include\10.0.10150.0\ucrt\stdio.h(205): note: 参见“fopen”的声明
     1>g:\我的坚果云\项目文件\filecompressnew\filecompressnew\filecompress.h(176): warning C4996: 'fopen': This function or variable may be unsafe. Consider using fopen_s instead. To disable deprecation, use _CRT_SECURE_NO_WARNINGS. See online help for details.
         c:\program files (x86)\windows kits\10\include\10.0.10150.0\ucrt\stdio.h(205): note: 参见“fopen”的声明
     1>g:\我的坚果云\项目文件\filecompressnew\filecompressnew\filecompress.h(179): warning C4996: 'fopen': This function or variable may be unsafe. Consider using fopen_s instead. To disable deprecation, use _CRT_SECURE_NO_WARNINGS. See online help for details.
         c:\program files (x86)\windows kits\10\include\10.0.10150.0\ucrt\stdio.h(205): note: 参见“fopen”的声明
     1>g:\我的坚果云\项目文件\filecompressnew\filecompressnew\huffman.h(49): warning C4018: “<”: 有符号/无符号不匹配
         g:\我的坚果云\项目文件\filecompressnew\filecompressnew\huffman.h(47): note: 编译类 模板 成员函数“void HuffmanTree<CharInfo>::CreateHuffmanTree(T *,size_t,T &)”时
                 with
                 [
                     T=CharInfo
                 ]
         g:\我的坚果云\项目文件\filecompressnew\filecompressnew\filecompress.h(68): note: 参见对正在编译的函数 模板 实例化“void HuffmanTree<CharInfo>::CreateHuffmanTree(T *,size_t,T &)”的引用
                 with
                 [
                     T=CharInfo
                 ]
         g:\我的坚果云\项目文件\filecompressnew\filecompressnew\filecompress.h(67): note: 参见对正在编译的类 模板 实例化“HuffmanTree<CharInfo>”的引用
     1>g:\我的坚果云\项目文件\filecompressnew\filecompressnew\huffman.h(83): warning C4018: “<”: 有符号/无符号不匹配
         g:\我的坚果云\项目文件\filecompressnew\filecompressnew\huffman.h(81): note: 编译类 模板 成员函数“void HuffmanTree<CharInfo>::AdjustDown(std::vector<HuffmanNode<CharInfo> *,std::allocator<_Ty>> &,int,size_t)”时
                 with
                 [
                     _Ty=HuffmanNode<CharInfo> *
                 ]
         g:\我的坚果云\项目文件\filecompressnew\filecompressnew\huffman.h(58): note: 参见对正在编译的函数 模板 实例化“void HuffmanTree<CharInfo>::AdjustDown(std::vector<HuffmanNode<CharInfo> *,std::allocator<_Ty>> &,int,size_t)”的引用
                 with
                 [
                     _Ty=HuffmanNode<CharInfo> *
                 ]
     1>g:\我的坚果云\项目文件\filecompressnew\filecompressnew\huffman.h(85): warning C4018: “<”: 有符号/无符号不匹配
       Link:
         E:\工具\VS2015\VC\bin\link.exe /ERRORREPORT:PROMPT /OUT:"G:\我的坚果云\项目文件\filecompressnew\Debug\filecompressnew.exe" /INCREMENTAL /NOLOGO kernel32.lib user32.lib gdi32.lib winspool.lib comdlg32.lib advapi32.lib shell32.lib ole32.lib oleaut32.lib uuid.lib odbc32.lib odbccp32.lib /MANIFEST /MANIFESTUAC:"level='asInvoker' uiAccess='false'" /manifest:embed /Debug /PDB:"G:\我的坚果云\项目文件\filecompressnew\Debug\filecompressnew.pdb" /SUBSYSTEM:CONSOLE /TLBID:1 /DYNAMICBASE /NXCOMPAT /IMPLIB:"G:\我的坚果云\项目文件\filecompressnew\Debug\filecompressnew.lib" /MACHINE:X86 "Debug\源.obj"
         filecompressnew.vcxproj -> G:\我的坚果云\项目文件\filecompressnew\Debug\filecompressnew.exe
     1>已完成生成项目“G:\我的坚果云\项目文件\filecompressnew\filecompressnew\filecompressnew.vcxproj”(Build 个目标)的操作。

已成功生成。

已用时间 00:00:02.17
