生成启动时间为 2016/5/11 11:45:43。
     1>项目“G:\我的坚果云\数据结构练习\客户端\客户端\客户端.vcxproj”在节点 2 上(Build 个目标)。
     1>ClCompile:
         E:\工具\VS2015\VC\bin\CL.exe /c /Zi /nologo /W3 /WX- /O2 /Oi /Oy- /GL /D WIN32 /D NDEBUG /D _CONSOLE /D _UNICODE /D UNICODE /Gm- /EHsc /MD /GS /Gy /fp:precise /Zc:wchar_t /Zc:forScope /Zc:inline /Fo"Release\\" /Fd"Release\vc140.pdb" /Gd /TP /analyze- /errorReport:prompt "源.cpp"
         源.cpp
     1>源.cpp(9): warning C4067: 预处理器指令后有意外标记 - 应输入换行符
     1>源.cpp(26): warning C4018: “<”: 有符号/无符号不匹配
     1>源.cpp(41): warning C4477: 'scanf' : format string '%d' requires an argument of type 'int *', but variadic argument 1 has type 'char *'
         源.cpp(41): note: consider using '%hhd' in the format string
     1>源.cpp(106): warning C4996: 'inet_addr': Use inet_pton() or InetPton() instead or define _WINSOCK_DEPRECATED_NO_WARNINGS to disable deprecated API warnings
         C:\Program Files (x86)\Windows Kits\8.1\Include\um\winsock2.h(1850): note: 参见“inet_addr”的声明
       Link:
         E:\工具\VS2015\VC\bin\link.exe /ERRORREPORT:PROMPT /OUT:"G:\我的坚果云\数据结构练习\客户端\Release\客户端.exe" /INCREMENTAL:NO /NOLOGO kernel32.lib user32.lib gdi32.lib winspool.lib comdlg32.lib advapi32.lib shell32.lib ole32.lib oleaut32.lib uuid.lib odbc32.lib odbccp32.lib /MANIFEST /MANIFESTUAC:"level='asInvoker' uiAccess='false'" /manifest:embed /Debug /PDB:"G:\我的坚果云\数据结构练习\客户端\Release\客户端.pdb" /SUBSYSTEM:CONSOLE /OPT:REF /OPT:ICF /LTCG:incremental /TLBID:1 /DYNAMICBASE /NXCOMPAT /IMPLIB:"G:\我的坚果云\数据结构练习\客户端\Release\客户端.lib" /MACHINE:X86 /SAFESEH "Release\源.obj"
         正在生成代码
         1 of 200 functions ( 0.5%) were compiled, the rest were copied from previous compilation.
           0 functions were new in current compilation
           0 functions had inline decision re-evaluated but remain unchanged
         已完成代码的生成
         客户端.vcxproj -> G:\我的坚果云\数据结构练习\客户端\Release\客户端.exe
     1>已完成生成项目“G:\我的坚果云\数据结构练习\客户端\客户端\客户端.vcxproj”(Build 个目标)的操作。

已成功生成。

已用时间 00:00:01.86
