.\Debug\CDateTime.pdb
C:\Users\leno\Desktop\C语言临时运行处\CDateTime\.\Debug\CDateTime.exe.intermediate.manifest
C:\USERS\LENO\DESKTOP\C语言临时运行处\CDATETIME\DEBUG\CDATETIME.EXE.EMBED.MANIFEST
C:\USERS\LENO\DESKTOP\C语言临时运行处\CDATETIME\DEBUG\CDATETIME.EXE.EMBED.MANIFEST.RES
C:\Users\leno\Desktop\C语言临时运行处\CDateTime\Debug\CDateTime.exe.intermediate.manifest
C:\USERS\LENO\DESKTOP\C语言临时运行处\CDATETIME\DEBUG\CDATETIME.OBJ
C:\Users\leno\Desktop\C语言临时运行处\CDateTime\Debug\CDateTime.pdb
C:\Users\leno\Desktop\C语言临时运行处\CDateTime\Debug\CDateTime.vcxprojResolveAssemblyReference.cache
C:\Users\leno\Desktop\C语言临时运行处\CDateTime\Debug\CDateTime.write.1.tlog
C:\Users\leno\Desktop\C语言临时运行处\CDateTime\Debug\CDateTime_manifest.rc
C:\Users\leno\Desktop\C语言临时运行处\CDateTime\Debug\cl.command.1.tlog
C:\Users\leno\Desktop\C语言临时运行处\CDateTime\Debug\CL.read.1.tlog
C:\Users\leno\Desktop\C语言临时运行处\CDateTime\Debug\CL.write.1.tlog
C:\Users\leno\Desktop\C语言临时运行处\CDateTime\Debug\link.11280.read.1.tlog
C:\Users\leno\Desktop\C语言临时运行处\CDateTime\Debug\link.11280.write.1.tlog
C:\Users\leno\Desktop\C语言临时运行处\CDateTime\Debug\link.11280-cvtres.read.1.tlog
C:\Users\leno\Desktop\C语言临时运行处\CDateTime\Debug\link.11280-cvtres.write.1.tlog
C:\Users\leno\Desktop\C语言临时运行处\CDateTime\Debug\link.11664.read.1.tlog
C:\Users\leno\Desktop\C语言临时运行处\CDateTime\Debug\link.11664.write.1.tlog
C:\Users\leno\Desktop\C语言临时运行处\CDateTime\Debug\link.11664-cvtres.read.1.tlog
C:\Users\leno\Desktop\C语言临时运行处\CDateTime\Debug\link.11664-cvtres.write.1.tlog
C:\Users\leno\Desktop\C语言临时运行处\CDateTime\Debug\link.11924.read.1.tlog
C:\Users\leno\Desktop\C语言临时运行处\CDateTime\Debug\link.11924.write.1.tlog
C:\Users\leno\Desktop\C语言临时运行处\CDateTime\Debug\link.11924-cvtres.read.1.tlog
C:\Users\leno\Desktop\C语言临时运行处\CDateTime\Debug\link.11924-cvtres.write.1.tlog
C:\Users\leno\Desktop\C语言临时运行处\CDateTime\Debug\link.12032.read.1.tlog
C:\Users\leno\Desktop\C语言临时运行处\CDateTime\Debug\link.12032.write.1.tlog
C:\Users\leno\Desktop\C语言临时运行处\CDateTime\Debug\link.12032-cvtres.read.1.tlog
C:\Users\leno\Desktop\C语言临时运行处\CDateTime\Debug\link.12032-cvtres.write.1.tlog
C:\Users\leno\Desktop\C语言临时运行处\CDateTime\Debug\link.1652.read.1.tlog
C:\Users\leno\Desktop\C语言临时运行处\CDateTime\Debug\link.1652.write.1.tlog
C:\Users\leno\Desktop\C语言临时运行处\CDateTime\Debug\link.1652-cvtres.read.1.tlog
C:\Users\leno\Desktop\C语言临时运行处\CDateTime\Debug\link.1652-cvtres.write.1.tlog
C:\Users\leno\Desktop\C语言临时运行处\CDateTime\Debug\link.9088.read.1.tlog
C:\Users\leno\Desktop\C语言临时运行处\CDateTime\Debug\link.9088.write.1.tlog
C:\Users\leno\Desktop\C语言临时运行处\CDateTime\Debug\link.9088-cvtres.read.1.tlog
C:\Users\leno\Desktop\C语言临时运行处\CDateTime\Debug\link.9088-cvtres.write.1.tlog
C:\Users\leno\Desktop\C语言临时运行处\CDateTime\Debug\link.9488.read.1.tlog
C:\Users\leno\Desktop\C语言临时运行处\CDateTime\Debug\link.9488.write.1.tlog
C:\Users\leno\Desktop\C语言临时运行处\CDateTime\Debug\link.9488-cvtres.read.1.tlog
C:\Users\leno\Desktop\C语言临时运行处\CDateTime\Debug\link.9488-cvtres.write.1.tlog
C:\Users\leno\Desktop\C语言临时运行处\CDateTime\Debug\link.command.1.tlog
C:\Users\leno\Desktop\C语言临时运行处\CDateTime\Debug\link.read.1.tlog
C:\Users\leno\Desktop\C语言临时运行处\CDateTime\Debug\link.write.1.tlog
C:\Users\leno\Desktop\C语言临时运行处\CDateTime\Debug\link-cvtres.read.1.tlog
C:\Users\leno\Desktop\C语言临时运行处\CDateTime\Debug\link-cvtres.write.1.tlog
C:\USERS\LENO\DESKTOP\C语言临时运行处\CDATETIME\DEBUG\MAIN.OBJ
C:\Users\leno\Desktop\C语言临时运行处\CDateTime\Debug\mt.command.1.tlog
C:\Users\leno\Desktop\C语言临时运行处\CDateTime\Debug\mt.read.1.tlog
C:\Users\leno\Desktop\C语言临时运行处\CDateTime\Debug\mt.write.1.tlog
C:\Users\leno\Desktop\C语言临时运行处\CDateTime\Debug\rc.command.1.tlog
C:\Users\leno\Desktop\C语言临时运行处\CDateTime\Debug\rc.read.1.tlog
C:\Users\leno\Desktop\C语言临时运行处\CDateTime\Debug\rc.write.1.tlog
C:\Users\leno\Desktop\C语言临时运行处\CDateTime\Debug\vc100.idb
C:\USERS\LENO\DESKTOP\C语言临时运行处\CDATETIME\DEBUG\VC100.PDB
