生成启动时间为 2016/4/18 20:52:54。
     1>项目“G:\我的坚果云\项目文件\文件夹压缩\文件夹压缩\文件夹压缩.vcxproj”在节点 2 上(Build 个目标)。
     1>ClCompile:
         E:\工具\VS2015\VC\bin\CL.exe /c /ZI /nologo /W3 /WX- /sdl /Od /Oy- /D WIN32 /D _DEBUG /D _CONSOLE /D _UNICODE /D UNICODE /Gm /EHsc /RTC1 /MDd /GS- /fp:precise /Zc:wchar_t /Zc:forScope /Zc:inline /Fo"Debug\\" /Fd"Debug\vc140.pdb" /Gd /TP /analyze- /errorReport:prompt "源.cpp"
     1>cl : 命令行 warning D9025: 正在重写“/sdl”(用“/GS-”)
         源.cpp
     1>g:\我的坚果云\项目文件\文件夹压缩\文件夹压缩\filecompress.h(85): warning C4018: “<”: 有符号/无符号不匹配
     1>g:\我的坚果云\项目文件\文件夹压缩\文件夹压缩\filecompress.h(60): warning C4996: 'sprintf': This function or variable may be unsafe. Consider using sprintf_s instead. To disable deprecation, use _CRT_SECURE_NO_WARNINGS. See online help for details.
         c:\program files (x86)\windows kits\10\include\10.0.10150.0\ucrt\stdio.h(1769): note: 参见“sprintf”的声明
     1>g:\我的坚果云\项目文件\文件夹压缩\文件夹压缩\filecompress.h(59): warning C4101: “filename”: 未引用的局部变量
     1>g:\我的坚果云\项目文件\文件夹压缩\文件夹压缩\filecompress.h(98): warning C4996: 'sprintf': This function or variable may be unsafe. Consider using sprintf_s instead. To disable deprecation, use _CRT_SECURE_NO_WARNINGS. See online help for details.
         c:\program files (x86)\windows kits\10\include\10.0.10150.0\ucrt\stdio.h(1769): note: 参见“sprintf”的声明
     1>g:\我的坚果云\项目文件\文件夹压缩\文件夹压缩\filecompress.h(102): warning C4996: 'sprintf': This function or variable may be unsafe. Consider using sprintf_s instead. To disable deprecation, use _CRT_SECURE_NO_WARNINGS. See online help for details.
         c:\program files (x86)\windows kits\10\include\10.0.10150.0\ucrt\stdio.h(1769): note: 参见“sprintf”的声明
     1>g:\我的坚果云\项目文件\文件夹压缩\文件夹压缩\filecompress.h(103): warning C4996: 'sprintf': This function or variable may be unsafe. Consider using sprintf_s instead. To disable deprecation, use _CRT_SECURE_NO_WARNINGS. See online help for details.
         c:\program files (x86)\windows kits\10\include\10.0.10150.0\ucrt\stdio.h(1769): note: 参见“sprintf”的声明
     1>g:\我的坚果云\项目文件\文件夹压缩\文件夹压缩\filecompress.h(107): warning C4996: 'sprintf': This function or variable may be unsafe. Consider using sprintf_s instead. To disable deprecation, use _CRT_SECURE_NO_WARNINGS. See online help for details.
         c:\program files (x86)\windows kits\10\include\10.0.10150.0\ucrt\stdio.h(1769): note: 参见“sprintf”的声明
     1>g:\我的坚果云\项目文件\文件夹压缩\文件夹压缩\filecompress.h(108): warning C4996: 'sprintf': This function or variable may be unsafe. Consider using sprintf_s instead. To disable deprecation, use _CRT_SECURE_NO_WARNINGS. See online help for details.
         c:\program files (x86)\windows kits\10\include\10.0.10150.0\ucrt\stdio.h(1769): note: 参见“sprintf”的声明
     1>g:\我的坚果云\项目文件\文件夹压缩\文件夹压缩\filecompress.h(121): warning C4996: 'fopen': This function or variable may be unsafe. Consider using fopen_s instead. To disable deprecation, use _CRT_SECURE_NO_WARNINGS. See online help for details.
         c:\program files (x86)\windows kits\10\include\10.0.10150.0\ucrt\stdio.h(205): note: 参见“fopen”的声明
     1>g:\我的坚果云\项目文件\文件夹压缩\文件夹压缩\filecompress.h(138): warning C4996: 'fopen': This function or variable may be unsafe. Consider using fopen_s instead. To disable deprecation, use _CRT_SECURE_NO_WARNINGS. See online help for details.
         c:\program files (x86)\windows kits\10\include\10.0.10150.0\ucrt\stdio.h(205): note: 参见“fopen”的声明
     1>g:\我的坚果云\项目文件\文件夹压缩\文件夹压缩\filecompress.h(176): warning C4996: 'fopen': This function or variable may be unsafe. Consider using fopen_s instead. To disable deprecation, use _CRT_SECURE_NO_WARNINGS. See online help for details.
         c:\program files (x86)\windows kits\10\include\10.0.10150.0\ucrt\stdio.h(205): note: 参见“fopen”的声明
     1>g:\我的坚果云\项目文件\文件夹压缩\文件夹压缩\filecompress.h(199): warning C4996: 'fopen': This function or variable may be unsafe. Consider using fopen_s instead. To disable deprecation, use _CRT_SECURE_NO_WARNINGS. See online help for details.
         c:\program files (x86)\windows kits\10\include\10.0.10150.0\ucrt\stdio.h(205): note: 参见“fopen”的声明
     1>g:\我的坚果云\项目文件\文件夹压缩\文件夹压缩\filecompress.h(220): warning C4996: 'fopen': This function or variable may be unsafe. Consider using fopen_s instead. To disable deprecation, use _CRT_SECURE_NO_WARNINGS. See online help for details.
         c:\program files (x86)\windows kits\10\include\10.0.10150.0\ucrt\stdio.h(205): note: 参见“fopen”的声明
     1>g:\我的坚果云\项目文件\文件夹压缩\文件夹压缩\filecompress.h(223): warning C4996: 'fopen': This function or variable may be unsafe. Consider using fopen_s instead. To disable deprecation, use _CRT_SECURE_NO_WARNINGS. See online help for details.
         c:\program files (x86)\windows kits\10\include\10.0.10150.0\ucrt\stdio.h(205): note: 参见“fopen”的声明
     1>g:\我的坚果云\项目文件\文件夹压缩\文件夹压缩\huffman.h(49): warning C4018: “<”: 有符号/无符号不匹配
         g:\我的坚果云\项目文件\文件夹压缩\文件夹压缩\huffman.h(47): note: 编译类 模板 成员函数“void HuffmanTree<CharInfo>::CreateHuffmanTree(T *,size_t,T &)”时
                 with
                 [
                     T=CharInfo
                 ]
         g:\我的坚果云\项目文件\文件夹压缩\文件夹压缩\filecompress.h(131): note: 参见对正在编译的函数 模板 实例化“void HuffmanTree<CharInfo>::CreateHuffmanTree(T *,size_t,T &)”的引用
                 with
                 [
                     T=CharInfo
                 ]
         g:\我的坚果云\项目文件\文件夹压缩\文件夹压缩\filecompress.h(130): note: 参见对正在编译的类 模板 实例化“HuffmanTree<CharInfo>”的引用
     1>g:\我的坚果云\项目文件\文件夹压缩\文件夹压缩\huffman.h(83): warning C4018: “<”: 有符号/无符号不匹配
         g:\我的坚果云\项目文件\文件夹压缩\文件夹压缩\huffman.h(81): note: 编译类 模板 成员函数“void HuffmanTree<CharInfo>::AdjustDown(std::vector<HuffmanNode<CharInfo> *,std::allocator<_Ty>> &,int,size_t)”时
                 with
                 [
                     _Ty=HuffmanNode<CharInfo> *
                 ]
         g:\我的坚果云\项目文件\文件夹压缩\文件夹压缩\huffman.h(58): note: 参见对正在编译的函数 模板 实例化“void HuffmanTree<CharInfo>::AdjustDown(std::vector<HuffmanNode<CharInfo> *,std::allocator<_Ty>> &,int,size_t)”的引用
                 with
                 [
                     _Ty=HuffmanNode<CharInfo> *
                 ]
     1>g:\我的坚果云\项目文件\文件夹压缩\文件夹压缩\huffman.h(85): warning C4018: “<”: 有符号/无符号不匹配
       Link:
         E:\工具\VS2015\VC\bin\link.exe /ERRORREPORT:PROMPT /OUT:"G:\我的坚果云\项目文件\文件夹压缩\Debug\文件夹压缩.exe" /INCREMENTAL /NOLOGO kernel32.lib user32.lib gdi32.lib winspool.lib comdlg32.lib advapi32.lib shell32.lib ole32.lib oleaut32.lib uuid.lib odbc32.lib odbccp32.lib /MANIFEST /MANIFESTUAC:"level='asInvoker' uiAccess='false'" /manifest:embed /Debug /PDB:"G:\我的坚果云\项目文件\文件夹压缩\Debug\文件夹压缩.pdb" /SUBSYSTEM:CONSOLE /TLBID:1 /DYNAMICBASE /NXCOMPAT /IMPLIB:"G:\我的坚果云\项目文件\文件夹压缩\Debug\文件夹压缩.lib" /MACHINE:X86 "Debug\源.obj"
         文件夹压缩.vcxproj -> G:\我的坚果云\项目文件\文件夹压缩\Debug\文件夹压缩.exe
     1>已完成生成项目“G:\我的坚果云\项目文件\文件夹压缩\文件夹压缩\文件夹压缩.vcxproj”(Build 个目标)的操作。

已成功生成。

已用时间 00:00:02.71
